Using pre-set license
Built from '2020.3/staging' branch; Version is '2020.3.26f1 (7298b473bc1a) revision 7510196'; Using compiler version '192528614'; Build Type 'Release'
OS: 'Windows 10  (10.0.19043) 64bit Professional' Language: 'en' Physical Memory: 8147 MB
BatchMode: 1, IsHumanControllingUs: 0, StartBugReporterOnCrash: 0, Is64bit: 1, IsPro: 0

COMMAND LINE ARGUMENTS:
F:\Unity\2020.3.26f1\Editor\Unity.exe
-adb2
-batchMode
-noUpm
-name
AssetImportWorker0
-projectPath
C:/Users/User/Documents/GitHub/CowboyClicker/cowboyClicker
-logFile
Logs/AssetImportWorker0.log
-srvPort
65317
Successfully changed project path to: C:/Users/User/Documents/GitHub/CowboyClicker/cowboyClicker
C:/Users/User/Documents/GitHub/CowboyClicker/cowboyClicker
Using Asset Import Pipeline V2.
Refreshing native plugins compatible for Editor in 195.93 ms, found 2 plugins.
Preloading 0 native plugins for Editor in 0.00 ms.
Initialize engine version: 2020.3.26f1 (7298b473bc1a)
[Subsystems] Discovering subsystems at path F:/Unity/2020.3.26f1/Editor/Data/Resources/UnitySubsystems
[Subsystems] Discovering subsystems at path C:/Users/User/Documents/GitHub/CowboyClicker/cowboyClicker/Assets
GfxDevice: creating device client; threaded=0
Direct3D:
    Version:  Direct3D 11.0 [level 11.1]
    Renderer: NVIDIA GeForce GTX 1060 3GB (ID=0x1c02)
    Vendor:   
    VRAM:     2988 MB
    Driver:   27.21.14.5671
Initialize mono
Mono path[0] = 'F:/Unity/2020.3.26f1/Editor/Data/Managed'
Mono path[1] = 'F:/Unity/2020.3.26f1/Editor/Data/MonoBleedingEdge/lib/mono/unityjit'
Mono config path = 'F:/Unity/2020.3.26f1/Editor/Data/MonoBleedingEdge/etc'
Using monoOptions --debugger-agent=transport=dt_socket,embedding=1,server=y,suspend=n,address=127.0.0.1:56748
Begin MonoManager ReloadAssembly
Registering precompiled unity dll's ...
Register platform support module: F:/Unity/2020.3.26f1/Editor/Data/PlaybackEngines/WindowsStandaloneSupport/UnityEditor.WindowsStandalone.Extensions.dll
Registered in 0.005969 seconds.
Native extension for WindowsStandalone target not found
Refreshing native plugins compatible for Editor in 237.35 ms, found 2 plugins.
Preloading 0 native plugins for Editor in 0.00 ms.
Mono: successfully reloaded assembly
- Completed reload, in  2.961 seconds
Domain Reload Profiling:
	ReloadAssembly (2962ms)
		BeginReloadAssembly (366ms)
			ExecutionOrderSort (0ms)
			DisableScriptedObjects (0ms)
			BackupInstance (0ms)
			ReleaseScriptingObjects (0ms)
			CreateAndSetChildDomain (3ms)
		EndReloadAssembly (2248ms)
			LoadAssemblies (367ms)
			RebuildTransferFunctionScriptingTraits (0ms)
			SetupTypeCache (824ms)
			ReleaseScriptCaches (0ms)
			RebuildScriptCaches (159ms)
			SetupLoadedEditorAssemblies (800ms)
				LogAssemblyErrors (0ms)
				InitializePlatformSupportModulesInManaged (19ms)
				SetLoadedEditorAssemblies (1ms)
				RefreshPlugins (238ms)
				BeforeProcessingInitializeOnLoad (72ms)
				ProcessInitializeOnLoadAttributes (350ms)
				ProcessInitializeOnLoadMethodAttributes (119ms)
				AfterProcessingInitializeOnLoad (0ms)
				EditorAssembliesLoaded (1ms)
			ExecutionOrderSort2 (0ms)
			AwakeInstancesAfterBackupRestoration (0ms)
Platform modules already initialized, skipping
Registering precompiled user dll's ...
Registered in 0.026627 seconds.
Begin MonoManager ReloadAssembly
Native extension for WindowsStandalone target not found
Refreshing native plugins compatible for Editor in 1.56 ms, found 2 plugins.
Preloading 0 native plugins for Editor in 0.00 ms.
Mono: successfully reloaded assembly
- Completed reload, in  4.839 seconds
Domain Reload Profiling:
	ReloadAssembly (4843ms)
		BeginReloadAssembly (789ms)
			ExecutionOrderSort (0ms)
			DisableScriptedObjects (25ms)
			BackupInstance (0ms)
			ReleaseScriptingObjects (0ms)
			CreateAndSetChildDomain (65ms)
		EndReloadAssembly (3767ms)
			LoadAssemblies (511ms)
			RebuildTransferFunctionScriptingTraits (0ms)
			SetupTypeCache (1475ms)
			ReleaseScriptCaches (1ms)
			RebuildScriptCaches (204ms)
			SetupLoadedEditorAssemblies (1282ms)
				LogAssemblyErrors (0ms)
				InitializePlatformSupportModulesInManaged (18ms)
				SetLoadedEditorAssemblies (3ms)
				RefreshPlugins (2ms)
				BeforeProcessingInitializeOnLoad (360ms)
				ProcessInitializeOnLoadAttributes (847ms)
				ProcessInitializeOnLoadMethodAttributes (38ms)
				AfterProcessingInitializeOnLoad (15ms)
				EditorAssembliesLoaded (1ms)
			ExecutionOrderSort2 (0ms)
			AwakeInstancesAfterBackupRestoration (31ms)
Platform modules already initialized, skipping
========================================================================
Worker process is ready to serve import requests
Launched and connected shader compiler UnityShaderCompiler.exe after 0.18 seconds
Refreshing native plugins compatible for Editor in 1.09 ms, found 2 plugins.
Preloading 0 native plugins for Editor in 0.00 ms.
Unloading 1562 Unused Serialized files (Serialized files now loaded: 0)
System memory in use before: 72.3 MB.
System memory in use after: 72.4 MB.

Unloading 19 unused Assets to reduce memory usage. Loaded Objects now: 1995.
Total: 8.865900 ms (FindLiveObjects: 0.493400 ms CreateObjectMapping: 0.270200 ms MarkObjects: 7.924500 ms  DeleteObjects: 0.174600 ms)

AssetImportParameters requested are different than current active one (requested -> active):
  custom:framework-win-MediaFoundation: 216162199b28c13a410421893ffa2e32 -> 
  custom:video-decoder-ogg-theora: a1e56fd34408186e4bbccfd4996cb3dc -> 
  custom:container-muxer-webm: aa71ff27fc2769a1b78a27578f13a17b -> 
  custom:container-demuxer-webm: 4f35f7cbe854078d1ac9338744f61a02 -> 
  custom:container-demuxer-ogg: 62fdf1f143b41e24485cea50d1cbac27 -> 
  custom:video-encoder-webm-vp8: eb34c28f22e8b96e1ab97ce403110664 -> 
  custom:video-codec-MediaFoundation-h265: 746d11721c4dcdbdad8f713fa42b33f4 -> 
  custom:video-decoder-webm-vp8: 9c59270c3fd7afecdb556c50c9e8de78 -> 
  custom:audio-decoder-ogg-vorbis: bf7c407c2cedff20999df2af8eb42d56 -> 
  custom:audio-encoder-webm-vorbis: bf7c407c2cedff20999df2af8eb42d56 -> 
========================================================================
Received Import Request.
  path: Assets/Models/Gatling body.png
  artifactKey: Guid(a32ba7daebc669b4b87e1528554a08c3) Importer(815301076,1909f56bfc062723c751e8b465ee728b)
Start importing Assets/Models/Gatling body.png using Guid(a32ba7daebc669b4b87e1528554a08c3) Importer(815301076,1909f56bfc062723c751e8b465ee728b)  -> (artifact id: '7a04278131f6aecef33421c651636073') in 0.241959 seconds 
  Import took 0.252555 seconds .

========================================================================
Received Import Request.
  Time since last request: 0.000944 seconds.
  path: Assets/Models/rifle.obj
  artifactKey: Guid(7616f5fbe7f41ea448f59ad0411d5d0d) Importer(815301076,1909f56bfc062723c751e8b465ee728b)
Start importing Assets/Models/rifle.obj using Guid(7616f5fbe7f41ea448f59ad0411d5d0d) Importer(815301076,1909f56bfc062723c751e8b465ee728b)  -> (artifact id: '872340765a7117c2d92065c4429d1447') in 0.451240 seconds 
  Import took 0.460622 seconds .

========================================================================
Received Import Request.
  Time since last request: 0.000606 seconds.
  path: Assets/Models/gatling barrel.obj
  artifactKey: Guid(6bac128fda7dec248b36f18f8b350854) Importer(815301076,1909f56bfc062723c751e8b465ee728b)
Start importing Assets/Models/gatling barrel.obj using Guid(6bac128fda7dec248b36f18f8b350854) Importer(815301076,1909f56bfc062723c751e8b465ee728b)  -> (artifact id: 'a5ce4e76838123a0f4ea27ff364a0716') in 0.073373 seconds 
  Import took 0.080454 seconds .

========================================================================
Received Import Request.
  Time since last request: 0.000704 seconds.
  path: Assets/Models/Dreamcatcher.obj
  artifactKey: Guid(bc75c7fd9be5fe640a68d5c89fd9f59b) Importer(815301076,1909f56bfc062723c751e8b465ee728b)
Start importing Assets/Models/Dreamcatcher.obj using Guid(bc75c7fd9be5fe640a68d5c89fd9f59b) Importer(815301076,1909f56bfc062723c751e8b465ee728b)  -> (artifact id: '1b4f0cfa1ad148c2f59fd8246988e7af') in 0.070551 seconds 
  Import took 0.078858 seconds .

========================================================================
Received Import Request.
  Time since last request: 0.001062 seconds.
  path: Assets/Models/rifle.png
  artifactKey: Guid(d1695d8198ec05645b8e22f82eba7053) Importer(815301076,1909f56bfc062723c751e8b465ee728b)
Start importing Assets/Models/rifle.png using Guid(d1695d8198ec05645b8e22f82eba7053) Importer(815301076,1909f56bfc062723c751e8b465ee728b)  -> (artifact id: '5821fe1bf7e7d377c87fab8085486ae4') in 0.022659 seconds 
  Import took 0.030526 seconds .

========================================================================
Received Import Request.
  Time since last request: 0.000720 seconds.
  path: Assets/Models/explosion.obj
  artifactKey: Guid(44e36ec89e97edb4ebd388c86d0b89cf) Importer(815301076,1909f56bfc062723c751e8b465ee728b)
Start importing Assets/Models/explosion.obj using Guid(44e36ec89e97edb4ebd388c86d0b89cf) Importer(815301076,1909f56bfc062723c751e8b465ee728b)  -> (artifact id: 'd6489497e55ee11ed754eb268eaa4290') in 0.070681 seconds 
  Import took 0.078632 seconds .

========================================================================
Received Import Request.
  Time since last request: 0.000631 seconds.
  path: Assets/Models/shotgun.obj
  artifactKey: Guid(ff5b2b78350d59e47985a52f94a20392) Importer(815301076,1909f56bfc062723c751e8b465ee728b)
Start importing Assets/Models/shotgun.obj using Guid(ff5b2b78350d59e47985a52f94a20392) Importer(815301076,1909f56bfc062723c751e8b465ee728b)  -> (artifact id: '72dec1faff9268ac1a9064a7c6145cd4') in 0.068581 seconds 
  Import took 0.076865 seconds .

========================================================================
Received Import Request.
  Time since last request: 0.000752 seconds.
  path: Assets/Models/horse body.obj
  artifactKey: Guid(1d906d383e8902442a6f0c9f65a21858) Importer(815301076,1909f56bfc062723c751e8b465ee728b)
Start importing Assets/Models/horse body.obj using Guid(1d906d383e8902442a6f0c9f65a21858) Importer(815301076,1909f56bfc062723c751e8b465ee728b)  -> (artifact id: 'a19104b69dd7122a740efab1b9e481f2') in 0.069122 seconds 
  Import took 0.076703 seconds .

========================================================================
Received Import Request.
  Time since last request: 0.000681 seconds.
  path: Assets/Models/horse head.obj
  artifactKey: Guid(b8826b142b36c0a40af162aa977a1ba8) Importer(815301076,1909f56bfc062723c751e8b465ee728b)
Start importing Assets/Models/horse head.obj using Guid(b8826b142b36c0a40af162aa977a1ba8) Importer(815301076,1909f56bfc062723c751e8b465ee728b)  -> (artifact id: 'f349b65b276eb87ad047260d8b372c33') in 0.069362 seconds 
  Import took 0.077555 seconds .

========================================================================
Received Import Request.
  Time since last request: 0.000716 seconds.
  path: Assets/Models/GunMuzzleFlash.obj
  artifactKey: Guid(1705896248b51ee419f3a7fc6d5cc09e) Importer(815301076,1909f56bfc062723c751e8b465ee728b)
Start importing Assets/Models/GunMuzzleFlash.obj using Guid(1705896248b51ee419f3a7fc6d5cc09e) Importer(815301076,1909f56bfc062723c751e8b465ee728b)  -> (artifact id: '3fabded21f11c33802aca3160f60b7dc') in 0.072560 seconds 
  Import took 0.080173 seconds .

========================================================================
Received Import Request.
  Time since last request: 0.000947 seconds.
  path: Assets/Models/deputy.png
  artifactKey: Guid(bb228c8e49b7ac44ba14dc7147a63f89) Importer(815301076,1909f56bfc062723c751e8b465ee728b)
Start importing Assets/Models/deputy.png using Guid(bb228c8e49b7ac44ba14dc7147a63f89) Importer(815301076,1909f56bfc062723c751e8b465ee728b)  -> (artifact id: '60f01146de2300a0d01fc3c8a2fbd99e') in 0.026771 seconds 
  Import took 0.034066 seconds .

========================================================================
Received Import Request.
  Time since last request: 0.000678 seconds.
  path: Assets/Models/deputy.obj
  artifactKey: Guid(1126529b06890d242b5da23e6f7213f6) Importer(815301076,1909f56bfc062723c751e8b465ee728b)
Start importing Assets/Models/deputy.obj using Guid(1126529b06890d242b5da23e6f7213f6) Importer(815301076,1909f56bfc062723c751e8b465ee728b)  -> (artifact id: '010ca6ac9b1759084c54d211b99e2b4b') in 0.056782 seconds 
  Import took 0.064429 seconds .

========================================================================
Received Import Request.
  Time since last request: 0.000610 seconds.
  path: Assets/Models/GunMuzzleFlash.png
  artifactKey: Guid(e3b24e1cee67abc488092616f07ce272) Importer(815301076,1909f56bfc062723c751e8b465ee728b)
Start importing Assets/Models/GunMuzzleFlash.png using Guid(e3b24e1cee67abc488092616f07ce272) Importer(815301076,1909f56bfc062723c751e8b465ee728b)  -> (artifact id: '3939a38aca5b27e60bbb1bf05a9289b4') in 0.020905 seconds 
  Import took 0.028264 seconds .

========================================================================
Received Import Request.
  Time since last request: 0.001075 seconds.
  path: Assets/Models/shotgun.png
  artifactKey: Guid(2db528cec2b01124e98c2ff16913c2d2) Importer(815301076,1909f56bfc062723c751e8b465ee728b)
Start importing Assets/Models/shotgun.png using Guid(2db528cec2b01124e98c2ff16913c2d2) Importer(815301076,1909f56bfc062723c751e8b465ee728b)  -> (artifact id: '08556ebbeb1e24f715d2f69d8e859f2a') in 0.026145 seconds 
  Import took 0.034662 seconds .

========================================================================
Received Import Request.
  Time since last request: 0.000756 seconds.
  path: Assets/Models/Dreamcatcher.png
  artifactKey: Guid(b6aa7302582c8a44884c7a80422f02ea) Importer(815301076,1909f56bfc062723c751e8b465ee728b)
Start importing Assets/Models/Dreamcatcher.png using Guid(b6aa7302582c8a44884c7a80422f02ea) Importer(815301076,1909f56bfc062723c751e8b465ee728b)  -> (artifact id: 'c478463685dc68fd029624198026833b') in 0.023523 seconds 
  Import took 0.033612 seconds .

========================================================================
Received Import Request.
  Time since last request: 0.000707 seconds.
  path: Assets/Models/dreamcatcher piece.obj
  artifactKey: Guid(618fc98862216444e95e53ee8fd37361) Importer(815301076,1909f56bfc062723c751e8b465ee728b)
Start importing Assets/Models/dreamcatcher piece.obj using Guid(618fc98862216444e95e53ee8fd37361) Importer(815301076,1909f56bfc062723c751e8b465ee728b)  -> (artifact id: 'e04718dc61846b6382839ca4042fad0f') in 0.093603 seconds 
  Import took 0.101930 seconds .

========================================================================
Received Import Request.
  Time since last request: 0.000626 seconds.
  path: Assets/Models/gatling barrel.png
  artifactKey: Guid(45a154f43e08460479b1bd941bc4d9bd) Importer(815301076,1909f56bfc062723c751e8b465ee728b)
Start importing Assets/Models/gatling barrel.png using Guid(45a154f43e08460479b1bd941bc4d9bd) Importer(815301076,1909f56bfc062723c751e8b465ee728b)  -> (artifact id: '3a52bf7a37f5cb662099c58ddfb3dfe4') in 0.025320 seconds 
  Import took 0.032099 seconds .

========================================================================
Received Import Request.
  Time since last request: 0.000735 seconds.
  path: Assets/Models/gun.png
  artifactKey: Guid(9b2dbad10018acd46bf12e0496ec7217) Importer(815301076,1909f56bfc062723c751e8b465ee728b)
Start importing Assets/Models/gun.png using Guid(9b2dbad10018acd46bf12e0496ec7217) Importer(815301076,1909f56bfc062723c751e8b465ee728b)  -> (artifact id: '9e4fe2830225180ba8c956f3d4fbf93f') in 0.022858 seconds 
  Import took 0.030444 seconds .

========================================================================
Received Import Request.
  Time since last request: 0.000640 seconds.
  path: Assets/Models/Boomstick.obj
  artifactKey: Guid(ee5504f87a37d694788c06f5f2f9beb3) Importer(815301076,1909f56bfc062723c751e8b465ee728b)
Start importing Assets/Models/Boomstick.obj using Guid(ee5504f87a37d694788c06f5f2f9beb3) Importer(815301076,1909f56bfc062723c751e8b465ee728b)  -> (artifact id: 'd53498073c883f119a4c82c90e35af84') in 0.075464 seconds 
  Import took 0.082740 seconds .

========================================================================
Received Import Request.
  Time since last request: 0.000940 seconds.
  path: Assets/Models/gatling base.png
  artifactKey: Guid(c6924d0cd400b21438eb15511cd1c87b) Importer(815301076,1909f56bfc062723c751e8b465ee728b)
Start importing Assets/Models/gatling base.png using Guid(c6924d0cd400b21438eb15511cd1c87b) Importer(815301076,1909f56bfc062723c751e8b465ee728b)  -> (artifact id: 'c6ad2beb04d6c7179c1f0e37c6f6c284') in 0.021700 seconds 
  Import took 0.028552 seconds .

========================================================================
Received Import Request.
  Time since last request: 0.000710 seconds.
  path: Assets/Models/gun.obj
  artifactKey: Guid(2091f3b609a18af4091e51d8d8c3fd0a) Importer(815301076,1909f56bfc062723c751e8b465ee728b)
Start importing Assets/Models/gun.obj using Guid(2091f3b609a18af4091e51d8d8c3fd0a) Importer(815301076,1909f56bfc062723c751e8b465ee728b)  -> (artifact id: '33714d669263bdc60f036e2cee0930e1') in 0.055768 seconds 
  Import took 0.062863 seconds .

========================================================================
Received Import Request.
  Time since last request: 0.000737 seconds.
  path: Assets/Models/horse body.png
  artifactKey: Guid(a15da07825a198b47991883cb70fcbd4) Importer(815301076,1909f56bfc062723c751e8b465ee728b)
Start importing Assets/Models/horse body.png using Guid(a15da07825a198b47991883cb70fcbd4) Importer(815301076,1909f56bfc062723c751e8b465ee728b)  -> (artifact id: 'bc09dc2a110b81cf7c3b5c3132e0ddf6') in 0.023042 seconds 
  Import took 0.030312 seconds .

========================================================================
Received Import Request.
  Time since last request: 0.000693 seconds.
  path: Assets/Models/horse leg 1.png
  artifactKey: Guid(97f10cf63a9d3aa4a874f0ce2afec889) Importer(815301076,1909f56bfc062723c751e8b465ee728b)
Start importing Assets/Models/horse leg 1.png using Guid(97f10cf63a9d3aa4a874f0ce2afec889) Importer(815301076,1909f56bfc062723c751e8b465ee728b)  -> (artifact id: '6b30314fa1161d49de3818b7f5dd3df1') in 0.023926 seconds 
  Import took 0.031673 seconds .

========================================================================
Received Import Request.
  Time since last request: 0.000775 seconds.
  path: Assets/Models/horse leg 2.png
  artifactKey: Guid(72de4f2558615fa43a5a2a3f42934bef) Importer(815301076,1909f56bfc062723c751e8b465ee728b)
Start importing Assets/Models/horse leg 2.png using Guid(72de4f2558615fa43a5a2a3f42934bef) Importer(815301076,1909f56bfc062723c751e8b465ee728b)  -> (artifact id: '51748b957c68008bdee6c1b7f8f4902a') in 0.020826 seconds 
  Import took 0.027913 seconds .

========================================================================
Received Import Request.
  Time since last request: 0.000801 seconds.
  path: Assets/Models/dreamcatcher piece.png
  artifactKey: Guid(f0820ed7eb36a4b41924423b9c6b4e09) Importer(815301076,1909f56bfc062723c751e8b465ee728b)
Start importing Assets/Models/dreamcatcher piece.png using Guid(f0820ed7eb36a4b41924423b9c6b4e09) Importer(815301076,1909f56bfc062723c751e8b465ee728b)  -> (artifact id: 'df53b0d4e829cf61da60d2d77de2f98c') in 0.021516 seconds 
  Import took 0.029349 seconds .

========================================================================
Received Import Request.
  Time since last request: 0.000621 seconds.
  path: Assets/Models/gatling base.obj
  artifactKey: Guid(117c08366e617d54fbdb4eaaf2f2e6aa) Importer(815301076,1909f56bfc062723c751e8b465ee728b)
Start importing Assets/Models/gatling base.obj using Guid(117c08366e617d54fbdb4eaaf2f2e6aa) Importer(815301076,1909f56bfc062723c751e8b465ee728b)  -> (artifact id: '1182561b447e282df03dbbf190c7bd49') in 0.069395 seconds 
  Import took 0.076867 seconds .

========================================================================
Received Import Request.
  Time since last request: 0.000703 seconds.
  path: Assets/Models/explosion.png
  artifactKey: Guid(9076bb2e77cd38342b39dc31fe3e9bc2) Importer(815301076,1909f56bfc062723c751e8b465ee728b)
Start importing Assets/Models/explosion.png using Guid(9076bb2e77cd38342b39dc31fe3e9bc2) Importer(815301076,1909f56bfc062723c751e8b465ee728b)  -> (artifact id: '29f193667bc479aa41327f8c5d06f437') in 0.018205 seconds 
  Import took 0.024908 seconds .

========================================================================
Received Import Request.
  Time since last request: 0.000555 seconds.
  path: Assets/Models/cowboy.obj
  artifactKey: Guid(b53d985668e5ca143952bed72c3746a6) Importer(815301076,1909f56bfc062723c751e8b465ee728b)
Start importing Assets/Models/cowboy.obj using Guid(b53d985668e5ca143952bed72c3746a6) Importer(815301076,1909f56bfc062723c751e8b465ee728b)  -> (artifact id: 'a4ba7e76b53f0e2897f90a05307dd732') in 0.055893 seconds 
  Import took 0.063101 seconds .

========================================================================
Received Import Request.
  Time since last request: 0.000812 seconds.
  path: Assets/Models/horse leg 2.obj
  artifactKey: Guid(b464e0e19e1112940a816b1446acfd41) Importer(815301076,1909f56bfc062723c751e8b465ee728b)
Start importing Assets/Models/horse leg 2.obj using Guid(b464e0e19e1112940a816b1446acfd41) Importer(815301076,1909f56bfc062723c751e8b465ee728b)  -> (artifact id: 'cfc6f470b52905bcde80eb50d631543f') in 0.063348 seconds 
  Import took 0.070555 seconds .

========================================================================
Received Import Request.
  Time since last request: 0.000691 seconds.
  path: Assets/Models/cowboy.png
  artifactKey: Guid(d8e077fec8eed234a8babcb24206d15c) Importer(815301076,1909f56bfc062723c751e8b465ee728b)
Start importing Assets/Models/cowboy.png using Guid(d8e077fec8eed234a8babcb24206d15c) Importer(815301076,1909f56bfc062723c751e8b465ee728b)  -> (artifact id: '9b9f2538583f5b283b43e0a8ba8dbc7b') in 0.018261 seconds 
  Import took 0.024736 seconds .

========================================================================
Received Import Request.
  Time since last request: 0.000648 seconds.
  path: Assets/Models/horse leg 1.obj
  artifactKey: Guid(046ff0e8563c0cc4fafd84bae0c28d93) Importer(815301076,1909f56bfc062723c751e8b465ee728b)
Start importing Assets/Models/horse leg 1.obj using Guid(046ff0e8563c0cc4fafd84bae0c28d93) Importer(815301076,1909f56bfc062723c751e8b465ee728b)  -> (artifact id: 'd04584e3dc1faf9dd13ae4605f96a84c') in 0.059235 seconds 
  Import took 0.066166 seconds .

========================================================================
Received Import Request.
  Time since last request: 0.000710 seconds.
  path: Assets/Models/Gatling body.obj
  artifactKey: Guid(b39326016a1089b4a87b3284cf98fbb8) Importer(815301076,1909f56bfc062723c751e8b465ee728b)
Start importing Assets/Models/Gatling body.obj using Guid(b39326016a1089b4a87b3284cf98fbb8) Importer(815301076,1909f56bfc062723c751e8b465ee728b)  -> (artifact id: '0db97051a04a342d4f4e2bf483cd4c2d') in 0.070611 seconds 
  Import took 0.077634 seconds .

========================================================================
Received Import Request.
  Time since last request: 0.000750 seconds.
  path: Assets/Models/horse head.png
  artifactKey: Guid(83ed1205116bb704cb6951551b7ce8d1) Importer(815301076,1909f56bfc062723c751e8b465ee728b)
Start importing Assets/Models/horse head.png using Guid(83ed1205116bb704cb6951551b7ce8d1) Importer(815301076,1909f56bfc062723c751e8b465ee728b)  -> (artifact id: 'da28ded9d9984c6b597d6698aba23768') in 0.021295 seconds 
  Import took 0.028424 seconds .

========================================================================
Received Import Request.
  Time since last request: 0.000687 seconds.
  path: Assets/Models/Boomstick.png
  artifactKey: Guid(161897bc0761b2542bf5e12234fe42fd) Importer(815301076,1909f56bfc062723c751e8b465ee728b)
Start importing Assets/Models/Boomstick.png using Guid(161897bc0761b2542bf5e12234fe42fd) Importer(815301076,1909f56bfc062723c751e8b465ee728b)  -> (artifact id: '08790852c331bc5bad55c0dea8bb5898') in 0.020933 seconds 
  Import took 0.028079 seconds .

========================================================================
Received Import Request.
  Time since last request: 0.927309 seconds.
  path: Assets/Material/_cowboy_Mat.mat
  artifactKey: Guid(a885356fff1702748b1204b88b0a1ea0) Importer(815301076,1909f56bfc062723c751e8b465ee728b)
Start importing Assets/Material/_cowboy_Mat.mat using Guid(a885356fff1702748b1204b88b0a1ea0) Importer(815301076,1909f56bfc062723c751e8b465ee728b)  -> (artifact id: '9f4ba40227c3e287b2b8a30ea264a0f3') in 0.041488 seconds 
  Import took 0.050072 seconds .

========================================================================
Received Import Request.
  Time since last request: 0.000722 seconds.
  path: Assets/Material/ShotgunMat.mat
  artifactKey: Guid(d896e6f67913d064b8d9400d01773ae9) Importer(815301076,1909f56bfc062723c751e8b465ee728b)
Start importing Assets/Material/ShotgunMat.mat using Guid(d896e6f67913d064b8d9400d01773ae9) Importer(815301076,1909f56bfc062723c751e8b465ee728b)  -> (artifact id: '4ce06df4be8064174268746d52cd3885') in 0.029859 seconds 
  Import took 0.038051 seconds .

========================================================================
Received Import Request.
  Time since last request: 0.000886 seconds.
  path: Assets/Material/Dreamcatcher2.mat
  artifactKey: Guid(bde509614f7007a45bf1117d12ee2f52) Importer(815301076,1909f56bfc062723c751e8b465ee728b)
Start importing Assets/Material/Dreamcatcher2.mat using Guid(bde509614f7007a45bf1117d12ee2f52) Importer(815301076,1909f56bfc062723c751e8b465ee728b)  -> (artifact id: '7df3297823d9a520006e9d273c258a64') in 0.028966 seconds 
  Import took 0.036786 seconds .

========================================================================
Received Import Request.
  Time since last request: 0.000735 seconds.
  path: Assets/Material/HorseLeg2.mat
  artifactKey: Guid(ac8a56e70f6c8d64698ddf939cd8cc75) Importer(815301076,1909f56bfc062723c751e8b465ee728b)
Start importing Assets/Material/HorseLeg2.mat using Guid(ac8a56e70f6c8d64698ddf939cd8cc75) Importer(815301076,1909f56bfc062723c751e8b465ee728b)  -> (artifact id: '7a07e699367704370edafe32e4b8d3a5') in 0.036291 seconds 
  Import took 0.043960 seconds .

========================================================================
Received Import Request.
  Time since last request: 0.000672 seconds.
  path: Assets/Material/Red.mat
  artifactKey: Guid(5762e1304e4418445bf49380b71ccff3) Importer(815301076,1909f56bfc062723c751e8b465ee728b)
Start importing Assets/Material/Red.mat using Guid(5762e1304e4418445bf49380b71ccff3) Importer(815301076,1909f56bfc062723c751e8b465ee728b)  -> (artifact id: 'f64f65abed26e4b2181f31c70766a522') in 0.030537 seconds 
  Import took 0.037541 seconds .

========================================================================
Received Import Request.
  Time since last request: 0.000754 seconds.
  path: Assets/Material/HorseHead.mat
  artifactKey: Guid(ed587d424eb6a9244a7b86a42ca69ed9) Importer(815301076,1909f56bfc062723c751e8b465ee728b)
Start importing Assets/Material/HorseHead.mat using Guid(ed587d424eb6a9244a7b86a42ca69ed9) Importer(815301076,1909f56bfc062723c751e8b465ee728b)  -> (artifact id: '82d7b0d22c8c03bd54650408603c21fc') in 0.029779 seconds 
  Import took 0.037220 seconds .

========================================================================
Received Import Request.
  Time since last request: 0.000817 seconds.
  path: Assets/Material/RifleMat.mat
  artifactKey: Guid(65cf960de6a56eb44aea9c503a7eaba3) Importer(815301076,1909f56bfc062723c751e8b465ee728b)
Start importing Assets/Material/RifleMat.mat using Guid(65cf960de6a56eb44aea9c503a7eaba3) Importer(815301076,1909f56bfc062723c751e8b465ee728b)  -> (artifact id: '988dfe7f432f7508f01bf96d3d6f9088') in 0.030582 seconds 
  Import took 0.037926 seconds .

========================================================================
Received Import Request.
  Time since last request: 0.000721 seconds.
  path: Assets/Material/GatlingBody.mat
  artifactKey: Guid(323fac33088964e4b8e6de8541a14e07) Importer(815301076,1909f56bfc062723c751e8b465ee728b)
Start importing Assets/Material/GatlingBody.mat using Guid(323fac33088964e4b8e6de8541a14e07) Importer(815301076,1909f56bfc062723c751e8b465ee728b)  -> (artifact id: 'f9196c2be5407298347e97c648424f44') in 0.033295 seconds 
  Import took 0.040160 seconds .

========================================================================
Received Import Request.
  Time since last request: 0.000752 seconds.
  path: Assets/Material/_gun_Mat.mat
  artifactKey: Guid(30a7102f3c759654296835841b7ea356) Importer(815301076,1909f56bfc062723c751e8b465ee728b)
Start importing Assets/Material/_gun_Mat.mat using Guid(30a7102f3c759654296835841b7ea356) Importer(815301076,1909f56bfc062723c751e8b465ee728b)  -> (artifact id: '156418372b4ec13de222356c1c6a2ae6') in 0.030729 seconds 
  Import took 0.038477 seconds .

========================================================================
Received Import Request.
  Time since last request: 0.000690 seconds.
  path: Assets/Material/New Material.mat
  artifactKey: Guid(9bf4b885bb9159b42ab0e4fab4702fb0) Importer(815301076,1909f56bfc062723c751e8b465ee728b)
Start importing Assets/Material/New Material.mat using Guid(9bf4b885bb9159b42ab0e4fab4702fb0) Importer(815301076,1909f56bfc062723c751e8b465ee728b)  -> (artifact id: '659f20e3826e2a357d89004790081ff5') in 0.030230 seconds 
  Import took 0.037163 seconds .

========================================================================
Received Import Request.
  Time since last request: 0.000612 seconds.
  path: Assets/Material/GatlingBase.mat
  artifactKey: Guid(bc01d17e545c0a648aae2fc1c04fb822) Importer(815301076,1909f56bfc062723c751e8b465ee728b)
Start importing Assets/Material/GatlingBase.mat using Guid(bc01d17e545c0a648aae2fc1c04fb822) Importer(815301076,1909f56bfc062723c751e8b465ee728b)  -> (artifact id: '55606ca38fa56220df7b42a7d8d659b3') in 0.032392 seconds 
  Import took 0.047084 seconds .

========================================================================
Received Import Request.
  Time since last request: 0.000981 seconds.
  path: Assets/Material/muzzleflash.mat
  artifactKey: Guid(407d4e1b5976fb34581dcd3155f0d5fc) Importer(815301076,1909f56bfc062723c751e8b465ee728b)
Start importing Assets/Material/muzzleflash.mat using Guid(407d4e1b5976fb34581dcd3155f0d5fc) Importer(815301076,1909f56bfc062723c751e8b465ee728b)  -> (artifact id: '63716d9b87b5d846fa92202a2ede053a') in 0.037915 seconds 
  Import took 0.047825 seconds .

========================================================================
Received Import Request.
  Time since last request: 0.001241 seconds.
  path: Assets/Material/Dynamite.mat
  artifactKey: Guid(f68ff962bf5001943bf4f20b10bfc4b8) Importer(815301076,1909f56bfc062723c751e8b465ee728b)
Start importing Assets/Material/Dynamite.mat using Guid(f68ff962bf5001943bf4f20b10bfc4b8) Importer(815301076,1909f56bfc062723c751e8b465ee728b)  -> (artifact id: '2e323de87154f17ecb4da2d19beee8ec') in 0.037187 seconds 
  Import took 0.044912 seconds .

========================================================================
Received Import Request.
  Time since last request: 0.000954 seconds.
  path: Assets/Material/_ground_Mat.mat
  artifactKey: Guid(98cf2a48ce9aa884a8824cdd4b2eaa2b) Importer(815301076,1909f56bfc062723c751e8b465ee728b)
Start importing Assets/Material/_ground_Mat.mat using Guid(98cf2a48ce9aa884a8824cdd4b2eaa2b) Importer(815301076,1909f56bfc062723c751e8b465ee728b)  -> (artifact id: '0eb749982a95dd821bf68c77a514df0d') in 0.035020 seconds 
  Import took 0.044359 seconds .

========================================================================
Received Import Request.
  Time since last request: 0.000812 seconds.
  path: Assets/Material/HorseBody.mat
  artifactKey: Guid(4f62368892a2f4541a0ab4a94d5343f7) Importer(815301076,1909f56bfc062723c751e8b465ee728b)
Start importing Assets/Material/HorseBody.mat using Guid(4f62368892a2f4541a0ab4a94d5343f7) Importer(815301076,1909f56bfc062723c751e8b465ee728b)  -> (artifact id: '14bde5b0cd70e3fed792c03f51c3238b') in 0.036376 seconds 
  Import took 0.045773 seconds .

========================================================================
Received Import Request.
  Time since last request: 0.000913 seconds.
  path: Assets/Material/Dreamcatcher1.mat
  artifactKey: Guid(f8ddf58d98cdd9049a084f03dd216ce0) Importer(815301076,1909f56bfc062723c751e8b465ee728b)
Start importing Assets/Material/Dreamcatcher1.mat using Guid(f8ddf58d98cdd9049a084f03dd216ce0) Importer(815301076,1909f56bfc062723c751e8b465ee728b)  -> (artifact id: 'f3ce4873bae09925fd747a7cbfc46bc8') in 0.031048 seconds 
  Import took 0.039365 seconds .

========================================================================
Received Import Request.
  Time since last request: 0.000687 seconds.
  path: Assets/Material/GatlingBarrel.mat
  artifactKey: Guid(2ce6c9844d621c1448af251c93061950) Importer(815301076,1909f56bfc062723c751e8b465ee728b)
Start importing Assets/Material/GatlingBarrel.mat using Guid(2ce6c9844d621c1448af251c93061950) Importer(815301076,1909f56bfc062723c751e8b465ee728b)  -> (artifact id: '65855694bcf12bd14cebc3d1f3f257d3') in 0.028938 seconds 
  Import took 0.036155 seconds .

========================================================================
Received Import Request.
  Time since last request: 0.000748 seconds.
  path: Assets/Material/HorseLeg1.mat
  artifactKey: Guid(ebf1c8a4404c29144af618597de3a548) Importer(815301076,1909f56bfc062723c751e8b465ee728b)
Start importing Assets/Material/HorseLeg1.mat using Guid(ebf1c8a4404c29144af618597de3a548) Importer(815301076,1909f56bfc062723c751e8b465ee728b)  -> (artifact id: '2e52ae5256cf5f03d69b61900df63762') in 0.031238 seconds 
  Import took 0.038674 seconds .

========================================================================
Received Import Request.
  Time since last request: 0.000613 seconds.
  path: Assets/Material/New Material 1.mat
  artifactKey: Guid(24e21fbac87b4a94ab04afac950144f9) Importer(815301076,1909f56bfc062723c751e8b465ee728b)
Start importing Assets/Material/New Material 1.mat using Guid(24e21fbac87b4a94ab04afac950144f9) Importer(815301076,1909f56bfc062723c751e8b465ee728b)  -> (artifact id: '83532012cfd66edbc897176d98c43421') in 0.032519 seconds 
  Import took 0.040985 seconds .

========================================================================
Received Import Request.
  Time since last request: 203.301571 seconds.
  path: Assets/Prefabs/deputy.prefab
  artifactKey: Guid(36765f3c9af23464eb098a570eef1640) Importer(815301076,1909f56bfc062723c751e8b465ee728b)
Start importing Assets/Prefabs/deputy.prefab using Guid(36765f3c9af23464eb098a570eef1640) Importer(815301076,1909f56bfc062723c751e8b465ee728b)  -> (artifact id: '01daa1df7954d59efd7e054faab6806d') in 0.040742 seconds 
  Import took 0.049641 seconds .

========================================================================
Received Import Request.
  Time since last request: 0.000624 seconds.
  path: Assets/Prefabs/Points.prefab
  artifactKey: Guid(2b91f2ed4ad9fbc488a1eaca84159ee5) Importer(815301076,1909f56bfc062723c751e8b465ee728b)
Start importing Assets/Prefabs/Points.prefab using Guid(2b91f2ed4ad9fbc488a1eaca84159ee5) Importer(815301076,1909f56bfc062723c751e8b465ee728b)  -> (artifact id: '2d970d6748cf3b1cb2a00f434430a759') in 0.295298 seconds 
  Import took 0.303554 seconds .

========================================================================
Received Import Request.
  Time since last request: 0.000687 seconds.
  path: Assets/Prefabs/Horse.prefab
  artifactKey: Guid(0148f1e98978b55479e02ec9b56cc894) Importer(815301076,1909f56bfc062723c751e8b465ee728b)
Start importing Assets/Prefabs/Horse.prefab using Guid(0148f1e98978b55479e02ec9b56cc894) Importer(815301076,1909f56bfc062723c751e8b465ee728b)  -> (artifact id: '364179572651c51669f848507a7fde2a') in 0.083881 seconds 
  Import took 0.093541 seconds .

========================================================================
Received Import Request.
  Time since last request: 0.000623 seconds.
  path: Assets/Prefabs/DreamCatcher.prefab
  artifactKey: Guid(01e4859902ef93448979bae26681f8f5) Importer(815301076,1909f56bfc062723c751e8b465ee728b)
Start importing Assets/Prefabs/DreamCatcher.prefab using Guid(01e4859902ef93448979bae26681f8f5) Importer(815301076,1909f56bfc062723c751e8b465ee728b)  -> (artifact id: 'c30a05dc3d40640d340bf2f10b5ef168') in 0.049571 seconds 
  Import took 0.059308 seconds .

========================================================================
Received Import Request.
  Time since last request: 0.000761 seconds.
  path: Assets/Prefabs/MuzzleFlash.prefab
  artifactKey: Guid(7affa36ed8b37744c89c0c80d003912b) Importer(815301076,1909f56bfc062723c751e8b465ee728b)
Start importing Assets/Prefabs/MuzzleFlash.prefab using Guid(7affa36ed8b37744c89c0c80d003912b) Importer(815301076,1909f56bfc062723c751e8b465ee728b)  -> (artifact id: '9baf3fad665525bb13b299e41a64402f') in 0.036999 seconds 
  Import took 0.045791 seconds .

========================================================================
Received Prepare
Registering precompiled user dll's ...
Registered in 0.023484 seconds.
Begin MonoManager ReloadAssembly
Native extension for WindowsStandalone target not found
Refreshing native plugins compatible for Editor in 1.03 ms, found 2 plugins.
Preloading 0 native plugins for Editor in 0.00 ms.
Mono: successfully reloaded assembly
- Completed reload, in  4.170 seconds
Domain Reload Profiling:
	ReloadAssembly (4172ms)
		BeginReloadAssembly (511ms)
			ExecutionOrderSort (0ms)
			DisableScriptedObjects (15ms)
			BackupInstance (0ms)
			ReleaseScriptingObjects (0ms)
			CreateAndSetChildDomain (110ms)
		EndReloadAssembly (3386ms)
			LoadAssemblies (490ms)
			RebuildTransferFunctionScriptingTraits (0ms)
			SetupTypeCache (1282ms)
			ReleaseScriptCaches (2ms)
			RebuildScriptCaches (167ms)
			SetupLoadedEditorAssemblies (1092ms)
				LogAssemblyErrors (0ms)
				InitializePlatformSupportModulesInManaged (16ms)
				SetLoadedEditorAssemblies (2ms)
				RefreshPlugins (1ms)
				BeforeProcessingInitializeOnLoad (275ms)
				ProcessInitializeOnLoadAttributes (741ms)
				ProcessInitializeOnLoadMethodAttributes (41ms)
				AfterProcessingInitializeOnLoad (14ms)
				EditorAssembliesLoaded (1ms)
			ExecutionOrderSort2 (0ms)
			AwakeInstancesAfterBackupRestoration (32ms)
Platform modules already initialized, skipping
Switching build target platform(19) subTarget(0) extendedPlatform(0) -> platform(13) subTarget(537395200) extendedPlatform(0)
Refreshing native plugins compatible for Editor in 1.04 ms, found 2 plugins.
Preloading 0 native plugins for Editor in 0.00 ms.
Unloading 1546 Unused Serialized files (Serialized files now loaded: 0)
System memory in use before: 74.3 MB.
System memory in use after: 74.4 MB.

Unloading 15 unused Assets to reduce memory usage. Loaded Objects now: 2043.
Total: 7.513500 ms (FindLiveObjects: 0.384800 ms CreateObjectMapping: 0.178200 ms MarkObjects: 6.896200 ms  DeleteObjects: 0.051200 ms)

AssetImportParameters requested are different than current active one (requested -> active):
  custom:framework-win-MediaFoundation: 216162199b28c13a410421893ffa2e32 -> 
  custom:video-decoder-ogg-theora: a1e56fd34408186e4bbccfd4996cb3dc -> 
  custom:container-muxer-webm: aa71ff27fc2769a1b78a27578f13a17b -> 
  custom:container-demuxer-webm: 4f35f7cbe854078d1ac9338744f61a02 -> 
  custom:container-demuxer-ogg: 62fdf1f143b41e24485cea50d1cbac27 -> 
  custom:video-encoder-webm-vp8: eb34c28f22e8b96e1ab97ce403110664 -> 
  custom:video-codec-MediaFoundation-h265: 746d11721c4dcdbdad8f713fa42b33f4 -> 
  custom:video-decoder-webm-vp8: 9c59270c3fd7afecdb556c50c9e8de78 -> 
  custom:graphics/normal-map-encoding: 01000000000000000000000000000000 -> 02000000000000000000000000000000
  custom:audio-decoder-ogg-vorbis: bf7c407c2cedff20999df2af8eb42d56 -> 
  custom:audio-encoder-webm-vorbis: bf7c407c2cedff20999df2af8eb42d56 -> 
========================================================================
Received Import Request.
  Time since last request: 450.857946 seconds.
  path: Assets/Prefabs/Bullet 1.prefab
  artifactKey: Guid(eb666e177a15f9c4981402b18ef3fff2) Importer(815301076,1909f56bfc062723c751e8b465ee728b)
Start importing Assets/Prefabs/Bullet 1.prefab using Guid(eb666e177a15f9c4981402b18ef3fff2) Importer(815301076,1909f56bfc062723c751e8b465ee728b)  -> (artifact id: 'ff32b90017636a7bb5fdac7a411dc275') in 0.215676 seconds 
  Import took 0.225310 seconds .

========================================================================
Received Import Request.
  Time since last request: 7.354930 seconds.
  path: Assets/Prefabs/Bullet 1.prefab
  artifactKey: Guid(eb666e177a15f9c4981402b18ef3fff2) Importer(815301076,1909f56bfc062723c751e8b465ee728b)
Start importing Assets/Prefabs/Bullet 1.prefab using Guid(eb666e177a15f9c4981402b18ef3fff2) Importer(815301076,1909f56bfc062723c751e8b465ee728b)  -> (artifact id: '0e470cf9e4fd602be5c88dd24010e006') in 0.027382 seconds 
  Import took 0.034426 seconds .

========================================================================
Received Prepare
Registering precompiled user dll's ...
Registered in 0.025253 seconds.
Begin MonoManager ReloadAssembly
Native extension for WindowsStandalone target not found
Refreshing native plugins compatible for Editor in 1.26 ms, found 2 plugins.
Preloading 0 native plugins for Editor in 0.00 ms.
Mono: successfully reloaded assembly
- Completed reload, in  4.020 seconds
Domain Reload Profiling:
	ReloadAssembly (4022ms)
		BeginReloadAssembly (481ms)
			ExecutionOrderSort (0ms)
			DisableScriptedObjects (17ms)
			BackupInstance (0ms)
			ReleaseScriptingObjects (0ms)
			CreateAndSetChildDomain (110ms)
		EndReloadAssembly (3278ms)
			LoadAssemblies (450ms)
			RebuildTransferFunctionScriptingTraits (0ms)
			SetupTypeCache (1267ms)
			ReleaseScriptCaches (3ms)
			RebuildScriptCaches (177ms)
			SetupLoadedEditorAssemblies (1075ms)
				LogAssemblyErrors (0ms)
				InitializePlatformSupportModulesInManaged (15ms)
				SetLoadedEditorAssemblies (2ms)
				RefreshPlugins (1ms)
				BeforeProcessingInitializeOnLoad (268ms)
				ProcessInitializeOnLoadAttributes (747ms)
				ProcessInitializeOnLoadMethodAttributes (31ms)
				AfterProcessingInitializeOnLoad (10ms)
				EditorAssembliesLoaded (1ms)
			ExecutionOrderSort2 (0ms)
			AwakeInstancesAfterBackupRestoration (23ms)
Platform modules already initialized, skipping
Switching build target platform(19) subTarget(0) extendedPlatform(0) -> platform(13) subTarget(537395200) extendedPlatform(0)
Refreshing native plugins compatible for Editor in 1.36 ms, found 2 plugins.
Preloading 0 native plugins for Editor in 0.00 ms.
Unloading 1546 Unused Serialized files (Serialized files now loaded: 0)
System memory in use before: 74.4 MB.
System memory in use after: 74.5 MB.

Unloading 14 unused Assets to reduce memory usage. Loaded Objects now: 2047.
Total: 9.096500 ms (FindLiveObjects: 0.429000 ms CreateObjectMapping: 0.190100 ms MarkObjects: 8.430300 ms  DeleteObjects: 0.044300 ms)

AssetImportParameters requested are different than current active one (requested -> active):
  custom:framework-win-MediaFoundation: 216162199b28c13a410421893ffa2e32 -> 
  custom:video-decoder-ogg-theora: a1e56fd34408186e4bbccfd4996cb3dc -> 
  custom:container-muxer-webm: aa71ff27fc2769a1b78a27578f13a17b -> 
  custom:container-demuxer-webm: 4f35f7cbe854078d1ac9338744f61a02 -> 
  custom:container-demuxer-ogg: 62fdf1f143b41e24485cea50d1cbac27 -> 
  custom:video-encoder-webm-vp8: eb34c28f22e8b96e1ab97ce403110664 -> 
  custom:video-codec-MediaFoundation-h265: 746d11721c4dcdbdad8f713fa42b33f4 -> 
  custom:video-decoder-webm-vp8: 9c59270c3fd7afecdb556c50c9e8de78 -> 
  custom:graphics/normal-map-encoding: 01000000000000000000000000000000 -> 02000000000000000000000000000000
  custom:audio-decoder-ogg-vorbis: bf7c407c2cedff20999df2af8eb42d56 -> 
  custom:audio-encoder-webm-vorbis: bf7c407c2cedff20999df2af8eb42d56 -> 
========================================================================
Received Import Request.
  Time since last request: 224.650467 seconds.
  path: Assets/Prefabs/MuzzleFlash 1.prefab
  artifactKey: Guid(0600d03f6bd184d429586aed108fc75e) Importer(815301076,1909f56bfc062723c751e8b465ee728b)
Start importing Assets/Prefabs/MuzzleFlash 1.prefab using Guid(0600d03f6bd184d429586aed108fc75e) Importer(815301076,1909f56bfc062723c751e8b465ee728b)  -> (artifact id: '2027d14845781780218ad838a4cec509') in 0.192871 seconds 
  Import took 0.206328 seconds .

========================================================================
Received Import Request.
  Time since last request: 23.525004 seconds.
  path: Assets/Prefabs/MuzzleFlashShotgun.prefab
  artifactKey: Guid(0600d03f6bd184d429586aed108fc75e) Importer(815301076,1909f56bfc062723c751e8b465ee728b)
Start importing Assets/Prefabs/MuzzleFlashShotgun.prefab using Guid(0600d03f6bd184d429586aed108fc75e) Importer(815301076,1909f56bfc062723c751e8b465ee728b)  -> (artifact id: '6eae491e49307ba660aba1cf7af3e69d') in 0.039095 seconds 
  Import took 0.052140 seconds .

========================================================================
Received Import Request.
  Time since last request: 14.592137 seconds.
  path: Assets/Prefabs/MuzzleFlashShotgun.prefab
  artifactKey: Guid(0600d03f6bd184d429586aed108fc75e) Importer(815301076,1909f56bfc062723c751e8b465ee728b)
Start importing Assets/Prefabs/MuzzleFlashShotgun.prefab using Guid(0600d03f6bd184d429586aed108fc75e) Importer(815301076,1909f56bfc062723c751e8b465ee728b)  -> (artifact id: 'e51499607787c0ab91a4edaa8746f8c6') in 0.031633 seconds 
  Import took 0.039362 seconds .

========================================================================
Received Prepare
Registering precompiled user dll's ...
Registered in 0.025408 seconds.
Begin MonoManager ReloadAssembly
Native extension for WindowsStandalone target not found
Refreshing native plugins compatible for Editor in 1.07 ms, found 2 plugins.
Preloading 0 native plugins for Editor in 0.00 ms.
Mono: successfully reloaded assembly
- Completed reload, in  3.894 seconds
Domain Reload Profiling:
	ReloadAssembly (3895ms)
		BeginReloadAssembly (453ms)
			ExecutionOrderSort (0ms)
			DisableScriptedObjects (17ms)
			BackupInstance (0ms)
			ReleaseScriptingObjects (0ms)
			CreateAndSetChildDomain (101ms)
		EndReloadAssembly (3174ms)
			LoadAssemblies (432ms)
			RebuildTransferFunctionScriptingTraits (0ms)
			SetupTypeCache (1148ms)
			ReleaseScriptCaches (2ms)
			RebuildScriptCaches (157ms)
			SetupLoadedEditorAssemblies (1042ms)
				LogAssemblyErrors (0ms)
				InitializePlatformSupportModulesInManaged (14ms)
				SetLoadedEditorAssemblies (2ms)
				RefreshPlugins (1ms)
				BeforeProcessingInitializeOnLoad (292ms)
				ProcessInitializeOnLoadAttributes (688ms)
				ProcessInitializeOnLoadMethodAttributes (30ms)
				AfterProcessingInitializeOnLoad (14ms)
				EditorAssembliesLoaded (1ms)
			ExecutionOrderSort2 (0ms)
			AwakeInstancesAfterBackupRestoration (39ms)
Platform modules already initialized, skipping
Switching build target platform(19) subTarget(0) extendedPlatform(0) -> platform(13) subTarget(537395200) extendedPlatform(0)
Refreshing native plugins compatible for Editor in 1.05 ms, found 2 plugins.
Preloading 0 native plugins for Editor in 0.00 ms.
Unloading 1546 Unused Serialized files (Serialized files now loaded: 0)
System memory in use before: 74.4 MB.
System memory in use after: 74.5 MB.

Unloading 14 unused Assets to reduce memory usage. Loaded Objects now: 2050.
Total: 14.535700 ms (FindLiveObjects: 0.413000 ms CreateObjectMapping: 0.179300 ms MarkObjects: 13.884800 ms  DeleteObjects: 0.055200 ms)

AssetImportParameters requested are different than current active one (requested -> active):
  custom:framework-win-MediaFoundation: 216162199b28c13a410421893ffa2e32 -> 
  custom:video-decoder-ogg-theora: a1e56fd34408186e4bbccfd4996cb3dc -> 
  custom:container-muxer-webm: aa71ff27fc2769a1b78a27578f13a17b -> 
  custom:container-demuxer-webm: 4f35f7cbe854078d1ac9338744f61a02 -> 
  custom:container-demuxer-ogg: 62fdf1f143b41e24485cea50d1cbac27 -> 
  custom:video-encoder-webm-vp8: eb34c28f22e8b96e1ab97ce403110664 -> 
  custom:video-codec-MediaFoundation-h265: 746d11721c4dcdbdad8f713fa42b33f4 -> 
  custom:video-decoder-webm-vp8: 9c59270c3fd7afecdb556c50c9e8de78 -> 
  custom:graphics/normal-map-encoding: 01000000000000000000000000000000 -> 02000000000000000000000000000000
  custom:audio-decoder-ogg-vorbis: bf7c407c2cedff20999df2af8eb42d56 -> 
  custom:audio-encoder-webm-vorbis: bf7c407c2cedff20999df2af8eb42d56 -> 
========================================================================
Received Import Request.
  Time since last request: 842.117308 seconds.
  path: Assets/Scripts
  artifactKey: Guid(ef3c407fa9a6a484c812848c06e84795) Importer(815301076,1909f56bfc062723c751e8b465ee728b)
Start importing Assets/Scripts using Guid(ef3c407fa9a6a484c812848c06e84795) Importer(815301076,1909f56bfc062723c751e8b465ee728b)  -> (artifact id: '6c250328c890feffd826ae532f4a8e4f') in 0.017204 seconds 
  Import took 0.025909 seconds .

========================================================================
Received Import Request.
  Time since last request: 8.784386 seconds.
  path: Assets/Scripts/WeaponChange.cs
  artifactKey: Guid(a97c4c53ace7fed4aa2ea5424bb6f606) Importer(815301076,1909f56bfc062723c751e8b465ee728b)
Start importing Assets/Scripts/WeaponChange.cs using Guid(a97c4c53ace7fed4aa2ea5424bb6f606) Importer(815301076,1909f56bfc062723c751e8b465ee728b)  -> (artifact id: 'b8558401064f70181d098864a66d24e3') in 0.017453 seconds 
  Import took 0.025130 seconds .

========================================================================
Received Prepare
Registering precompiled user dll's ...
Registered in 0.025177 seconds.
Begin MonoManager ReloadAssembly
Native extension for WindowsStandalone target not found
Refreshing native plugins compatible for Editor in 1.39 ms, found 2 plugins.
Preloading 0 native plugins for Editor in 0.00 ms.
Mono: successfully reloaded assembly
- Completed reload, in  4.159 seconds
Domain Reload Profiling:
	ReloadAssembly (4160ms)
		BeginReloadAssembly (578ms)
			ExecutionOrderSort (0ms)
			DisableScriptedObjects (21ms)
			BackupInstance (0ms)
			ReleaseScriptingObjects (0ms)
			CreateAndSetChildDomain (196ms)
		EndReloadAssembly (3323ms)
			LoadAssemblies (453ms)
			RebuildTransferFunctionScriptingTraits (0ms)
			SetupTypeCache (1333ms)
			ReleaseScriptCaches (2ms)
			RebuildScriptCaches (189ms)
			SetupLoadedEditorAssemblies (1031ms)
				LogAssemblyErrors (0ms)
				InitializePlatformSupportModulesInManaged (13ms)
				SetLoadedEditorAssemblies (2ms)
				RefreshPlugins (2ms)
				BeforeProcessingInitializeOnLoad (272ms)
				ProcessInitializeOnLoadAttributes (700ms)
				ProcessInitializeOnLoadMethodAttributes (31ms)
				AfterProcessingInitializeOnLoad (10ms)
				EditorAssembliesLoaded (1ms)
			ExecutionOrderSort2 (0ms)
			AwakeInstancesAfterBackupRestoration (27ms)
Platform modules already initialized, skipping
Switching build target platform(19) subTarget(0) extendedPlatform(0) -> platform(13) subTarget(537395200) extendedPlatform(0)
Refreshing native plugins compatible for Editor in 1.08 ms, found 2 plugins.
Preloading 0 native plugins for Editor in 0.00 ms.
Unloading 1547 Unused Serialized files (Serialized files now loaded: 0)
System memory in use before: 74.4 MB.
System memory in use after: 74.5 MB.

Unloading 14 unused Assets to reduce memory usage. Loaded Objects now: 2053.
Total: 7.927900 ms (FindLiveObjects: 0.389000 ms CreateObjectMapping: 0.177200 ms MarkObjects: 7.317900 ms  DeleteObjects: 0.041000 ms)

AssetImportParameters requested are different than current active one (requested -> active):
  custom:framework-win-MediaFoundation: 216162199b28c13a410421893ffa2e32 -> 
  custom:video-decoder-ogg-theora: a1e56fd34408186e4bbccfd4996cb3dc -> 
  custom:container-muxer-webm: aa71ff27fc2769a1b78a27578f13a17b -> 
  custom:container-demuxer-webm: 4f35f7cbe854078d1ac9338744f61a02 -> 
  custom:container-demuxer-ogg: 62fdf1f143b41e24485cea50d1cbac27 -> 
  custom:video-encoder-webm-vp8: eb34c28f22e8b96e1ab97ce403110664 -> 
  custom:video-codec-MediaFoundation-h265: 746d11721c4dcdbdad8f713fa42b33f4 -> 
  custom:video-decoder-webm-vp8: 9c59270c3fd7afecdb556c50c9e8de78 -> 
  custom:graphics/normal-map-encoding: 01000000000000000000000000000000 -> 02000000000000000000000000000000
  custom:audio-decoder-ogg-vorbis: bf7c407c2cedff20999df2af8eb42d56 -> 
  custom:audio-encoder-webm-vorbis: bf7c407c2cedff20999df2af8eb42d56 -> 
========================================================================
Received Import Request.
  Time since last request: 1607.092215 seconds.
  path: ProjectSettings/TagManager.asset
  artifactKey: Guid(00000000000000003000000000000000) Importer(815301076,1909f56bfc062723c751e8b465ee728b)
Start importing ProjectSettings/TagManager.asset using Guid(00000000000000003000000000000000) Importer(815301076,1909f56bfc062723c751e8b465ee728b)  -> (artifact id: 'f2de93534d504bfc174ef7487d27f8e7') in 0.056168 seconds 
  Import took 0.064266 seconds .

========================================================================
Received Prepare
Registering precompiled user dll's ...
Registered in 0.037717 seconds.
Begin MonoManager ReloadAssembly
Native extension for WindowsStandalone target not found
Refreshing native plugins compatible for Editor in 1.06 ms, found 2 plugins.
Preloading 0 native plugins for Editor in 0.00 ms.
Mono: successfully reloaded assembly
- Completed reload, in  3.973 seconds
Domain Reload Profiling:
	ReloadAssembly (3975ms)
		BeginReloadAssembly (505ms)
			ExecutionOrderSort (0ms)
			DisableScriptedObjects (29ms)
			BackupInstance (0ms)
			ReleaseScriptingObjects (0ms)
			CreateAndSetChildDomain (105ms)
		EndReloadAssembly (3234ms)
			LoadAssemblies (466ms)
			RebuildTransferFunctionScriptingTraits (0ms)
			SetupTypeCache (1217ms)
			ReleaseScriptCaches (2ms)
			RebuildScriptCaches (156ms)
			SetupLoadedEditorAssemblies (1029ms)
				LogAssemblyErrors (0ms)
				InitializePlatformSupportModulesInManaged (16ms)
				SetLoadedEditorAssemblies (2ms)
				RefreshPlugins (1ms)
				BeforeProcessingInitializeOnLoad (263ms)
				ProcessInitializeOnLoadAttributes (699ms)
				ProcessInitializeOnLoadMethodAttributes (37ms)
				AfterProcessingInitializeOnLoad (11ms)
				EditorAssembliesLoaded (1ms)
			ExecutionOrderSort2 (0ms)
			AwakeInstancesAfterBackupRestoration (26ms)
Platform modules already initialized, skipping
Switching build target platform(19) subTarget(0) extendedPlatform(0) -> platform(13) subTarget(537395200) extendedPlatform(0)
Refreshing native plugins compatible for Editor in 1.21 ms, found 2 plugins.
Preloading 0 native plugins for Editor in 0.00 ms.
Unloading 1547 Unused Serialized files (Serialized files now loaded: 0)
System memory in use before: 74.5 MB.
System memory in use after: 74.6 MB.

Unloading 15 unused Assets to reduce memory usage. Loaded Objects now: 2055.
Total: 8.453900 ms (FindLiveObjects: 0.406400 ms CreateObjectMapping: 0.224700 ms MarkObjects: 7.770500 ms  DeleteObjects: 0.048900 ms)

AssetImportParameters requested are different than current active one (requested -> active):
  custom:framework-win-MediaFoundation: 216162199b28c13a410421893ffa2e32 -> 
  custom:video-decoder-ogg-theora: a1e56fd34408186e4bbccfd4996cb3dc -> 
  custom:container-muxer-webm: aa71ff27fc2769a1b78a27578f13a17b -> 
  custom:container-demuxer-webm: 4f35f7cbe854078d1ac9338744f61a02 -> 
  custom:container-demuxer-ogg: 62fdf1f143b41e24485cea50d1cbac27 -> 
  custom:video-encoder-webm-vp8: eb34c28f22e8b96e1ab97ce403110664 -> 
  custom:video-codec-MediaFoundation-h265: 746d11721c4dcdbdad8f713fa42b33f4 -> 
  custom:video-decoder-webm-vp8: 9c59270c3fd7afecdb556c50c9e8de78 -> 
  custom:graphics/normal-map-encoding: 01000000000000000000000000000000 -> 02000000000000000000000000000000
  custom:audio-decoder-ogg-vorbis: bf7c407c2cedff20999df2af8eb42d56 -> 
  custom:audio-encoder-webm-vorbis: bf7c407c2cedff20999df2af8eb42d56 -> 
========================================================================
Received Prepare
Registering precompiled user dll's ...
Registered in 0.023336 seconds.
Begin MonoManager ReloadAssembly
Native extension for WindowsStandalone target not found
Refreshing native plugins compatible for Editor in 1.38 ms, found 2 plugins.
Preloading 0 native plugins for Editor in 0.00 ms.
Mono: successfully reloaded assembly
- Completed reload, in  3.932 seconds
Domain Reload Profiling:
	ReloadAssembly (3933ms)
		BeginReloadAssembly (476ms)
			ExecutionOrderSort (0ms)
			DisableScriptedObjects (16ms)
			BackupInstance (0ms)
			ReleaseScriptingObjects (0ms)
			CreateAndSetChildDomain (104ms)
		EndReloadAssembly (3179ms)
			LoadAssemblies (462ms)
			RebuildTransferFunctionScriptingTraits (0ms)
			SetupTypeCache (1200ms)
			ReleaseScriptCaches (2ms)
			RebuildScriptCaches (149ms)
			SetupLoadedEditorAssemblies (1041ms)
				LogAssemblyErrors (0ms)
				InitializePlatformSupportModulesInManaged (14ms)
				SetLoadedEditorAssemblies (2ms)
				RefreshPlugins (2ms)
				BeforeProcessingInitializeOnLoad (282ms)
				ProcessInitializeOnLoadAttributes (699ms)
				ProcessInitializeOnLoadMethodAttributes (31ms)
				AfterProcessingInitializeOnLoad (11ms)
				EditorAssembliesLoaded (1ms)
			ExecutionOrderSort2 (0ms)
			AwakeInstancesAfterBackupRestoration (24ms)
Platform modules already initialized, skipping
Switching build target platform(19) subTarget(0) extendedPlatform(0) -> platform(13) subTarget(537395200) extendedPlatform(0)
Refreshing native plugins compatible for Editor in 1.04 ms, found 2 plugins.
Preloading 0 native plugins for Editor in 0.00 ms.
Unloading 1547 Unused Serialized files (Serialized files now loaded: 0)
System memory in use before: 74.5 MB.
System memory in use after: 74.6 MB.

Unloading 14 unused Assets to reduce memory usage. Loaded Objects now: 2057.
Total: 7.310300 ms (FindLiveObjects: 0.387000 ms CreateObjectMapping: 0.187500 ms MarkObjects: 6.696200 ms  DeleteObjects: 0.036700 ms)

AssetImportParameters requested are different than current active one (requested -> active):
  custom:framework-win-MediaFoundation: 216162199b28c13a410421893ffa2e32 -> 
  custom:video-decoder-ogg-theora: a1e56fd34408186e4bbccfd4996cb3dc -> 
  custom:container-muxer-webm: aa71ff27fc2769a1b78a27578f13a17b -> 
  custom:container-demuxer-webm: 4f35f7cbe854078d1ac9338744f61a02 -> 
  custom:container-demuxer-ogg: 62fdf1f143b41e24485cea50d1cbac27 -> 
  custom:video-encoder-webm-vp8: eb34c28f22e8b96e1ab97ce403110664 -> 
  custom:video-codec-MediaFoundation-h265: 746d11721c4dcdbdad8f713fa42b33f4 -> 
  custom:video-decoder-webm-vp8: 9c59270c3fd7afecdb556c50c9e8de78 -> 
  custom:graphics/normal-map-encoding: 01000000000000000000000000000000 -> 02000000000000000000000000000000
  custom:audio-decoder-ogg-vorbis: bf7c407c2cedff20999df2af8eb42d56 -> 
  custom:audio-encoder-webm-vorbis: bf7c407c2cedff20999df2af8eb42d56 -> 
========================================================================
Received Prepare
Registering precompiled user dll's ...
Registered in 0.024236 seconds.
Begin MonoManager ReloadAssembly
Native extension for WindowsStandalone target not found
Refreshing native plugins compatible for Editor in 1.04 ms, found 2 plugins.
Preloading 0 native plugins for Editor in 0.00 ms.
Mono: successfully reloaded assembly
- Completed reload, in  3.871 seconds
Domain Reload Profiling:
	ReloadAssembly (3872ms)
		BeginReloadAssembly (481ms)
			ExecutionOrderSort (0ms)
			DisableScriptedObjects (21ms)
			BackupInstance (0ms)
			ReleaseScriptingObjects (0ms)
			CreateAndSetChildDomain (102ms)
		EndReloadAssembly (3128ms)
			LoadAssemblies (454ms)
			RebuildTransferFunctionScriptingTraits (0ms)
			SetupTypeCache (1156ms)
			ReleaseScriptCaches (2ms)
			RebuildScriptCaches (150ms)
			SetupLoadedEditorAssemblies (1019ms)
				LogAssemblyErrors (0ms)
				InitializePlatformSupportModulesInManaged (14ms)
				SetLoadedEditorAssemblies (2ms)
				RefreshPlugins (1ms)
				BeforeProcessingInitializeOnLoad (261ms)
				ProcessInitializeOnLoadAttributes (695ms)
				ProcessInitializeOnLoadMethodAttributes (35ms)
				AfterProcessingInitializeOnLoad (11ms)
				EditorAssembliesLoaded (1ms)
			ExecutionOrderSort2 (0ms)
			AwakeInstancesAfterBackupRestoration (28ms)
Platform modules already initialized, skipping
Switching build target platform(19) subTarget(0) extendedPlatform(0) -> platform(13) subTarget(537395200) extendedPlatform(0)
Refreshing native plugins compatible for Editor in 1.07 ms, found 2 plugins.
Preloading 0 native plugins for Editor in 0.00 ms.
Unloading 1547 Unused Serialized files (Serialized files now loaded: 0)
System memory in use before: 74.5 MB.
System memory in use after: 74.6 MB.

Unloading 14 unused Assets to reduce memory usage. Loaded Objects now: 2059.
Total: 7.266600 ms (FindLiveObjects: 0.382700 ms CreateObjectMapping: 0.182000 ms MarkObjects: 6.644300 ms  DeleteObjects: 0.054700 ms)

AssetImportParameters requested are different than current active one (requested -> active):
  custom:framework-win-MediaFoundation: 216162199b28c13a410421893ffa2e32 -> 
  custom:video-decoder-ogg-theora: a1e56fd34408186e4bbccfd4996cb3dc -> 
  custom:container-muxer-webm: aa71ff27fc2769a1b78a27578f13a17b -> 
  custom:container-demuxer-webm: 4f35f7cbe854078d1ac9338744f61a02 -> 
  custom:container-demuxer-ogg: 62fdf1f143b41e24485cea50d1cbac27 -> 
  custom:video-encoder-webm-vp8: eb34c28f22e8b96e1ab97ce403110664 -> 
  custom:video-codec-MediaFoundation-h265: 746d11721c4dcdbdad8f713fa42b33f4 -> 
  custom:video-decoder-webm-vp8: 9c59270c3fd7afecdb556c50c9e8de78 -> 
  custom:graphics/normal-map-encoding: 01000000000000000000000000000000 -> 02000000000000000000000000000000
  custom:audio-decoder-ogg-vorbis: bf7c407c2cedff20999df2af8eb42d56 -> 
  custom:audio-encoder-webm-vorbis: bf7c407c2cedff20999df2af8eb42d56 -> 
========================================================================
Received Prepare
Registering precompiled user dll's ...
Registered in 0.044782 seconds.
Begin MonoManager ReloadAssembly
Native extension for WindowsStandalone target not found
Refreshing native plugins compatible for Editor in 1.05 ms, found 2 plugins.
Preloading 0 native plugins for Editor in 0.00 ms.
Mono: successfully reloaded assembly
- Completed reload, in  3.988 seconds
Domain Reload Profiling:
	ReloadAssembly (3990ms)
		BeginReloadAssembly (461ms)
			ExecutionOrderSort (0ms)
			DisableScriptedObjects (20ms)
			BackupInstance (0ms)
			ReleaseScriptingObjects (0ms)
			CreateAndSetChildDomain (101ms)
		EndReloadAssembly (3213ms)
			LoadAssemblies (440ms)
			RebuildTransferFunctionScriptingTraits (0ms)
			SetupTypeCache (1186ms)
			ReleaseScriptCaches (2ms)
			RebuildScriptCaches (158ms)
			SetupLoadedEditorAssemblies (1072ms)
				LogAssemblyErrors (0ms)
				InitializePlatformSupportModulesInManaged (16ms)
				SetLoadedEditorAssemblies (2ms)
				RefreshPlugins (1ms)
				BeforeProcessingInitializeOnLoad (292ms)
				ProcessInitializeOnLoadAttributes (715ms)
				ProcessInitializeOnLoadMethodAttributes (34ms)
				AfterProcessingInitializeOnLoad (11ms)
				EditorAssembliesLoaded (1ms)
			ExecutionOrderSort2 (0ms)
			AwakeInstancesAfterBackupRestoration (23ms)
Platform modules already initialized, skipping
Switching build target platform(19) subTarget(0) extendedPlatform(0) -> platform(13) subTarget(537395200) extendedPlatform(0)
Refreshing native plugins compatible for Editor in 1.04 ms, found 2 plugins.
Preloading 0 native plugins for Editor in 0.00 ms.
Unloading 1547 Unused Serialized files (Serialized files now loaded: 0)
System memory in use before: 74.5 MB.
System memory in use after: 74.6 MB.

Unloading 14 unused Assets to reduce memory usage. Loaded Objects now: 2061.
Total: 9.345900 ms (FindLiveObjects: 0.433100 ms CreateObjectMapping: 0.183100 ms MarkObjects: 8.454400 ms  DeleteObjects: 0.272400 ms)

AssetImportParameters requested are different than current active one (requested -> active):
  custom:framework-win-MediaFoundation: 216162199b28c13a410421893ffa2e32 -> 
  custom:video-decoder-ogg-theora: a1e56fd34408186e4bbccfd4996cb3dc -> 
  custom:container-muxer-webm: aa71ff27fc2769a1b78a27578f13a17b -> 
  custom:container-demuxer-webm: 4f35f7cbe854078d1ac9338744f61a02 -> 
  custom:container-demuxer-ogg: 62fdf1f143b41e24485cea50d1cbac27 -> 
  custom:video-encoder-webm-vp8: eb34c28f22e8b96e1ab97ce403110664 -> 
  custom:video-codec-MediaFoundation-h265: 746d11721c4dcdbdad8f713fa42b33f4 -> 
  custom:video-decoder-webm-vp8: 9c59270c3fd7afecdb556c50c9e8de78 -> 
  custom:graphics/normal-map-encoding: 01000000000000000000000000000000 -> 02000000000000000000000000000000
  custom:audio-decoder-ogg-vorbis: bf7c407c2cedff20999df2af8eb42d56 -> 
  custom:audio-encoder-webm-vorbis: bf7c407c2cedff20999df2af8eb42d56 -> 
========================================================================
Received Prepare
Registering precompiled user dll's ...
Registered in 0.030354 seconds.
Begin MonoManager ReloadAssembly
Native extension for WindowsStandalone target not found
Refreshing native plugins compatible for Editor in 1.06 ms, found 2 plugins.
Preloading 0 native plugins for Editor in 0.00 ms.
Mono: successfully reloaded assembly
- Completed reload, in  3.959 seconds
Domain Reload Profiling:
	ReloadAssembly (3961ms)
		BeginReloadAssembly (455ms)
			ExecutionOrderSort (0ms)
			DisableScriptedObjects (17ms)
			BackupInstance (0ms)
			ReleaseScriptingObjects (0ms)
			CreateAndSetChildDomain (96ms)
		EndReloadAssembly (3254ms)
			LoadAssemblies (449ms)
			RebuildTransferFunctionScriptingTraits (0ms)
			SetupTypeCache (1248ms)
			ReleaseScriptCaches (2ms)
			RebuildScriptCaches (164ms)
			SetupLoadedEditorAssemblies (1022ms)
				LogAssemblyErrors (0ms)
				InitializePlatformSupportModulesInManaged (14ms)
				SetLoadedEditorAssemblies (2ms)
				RefreshPlugins (1ms)
				BeforeProcessingInitializeOnLoad (265ms)
				ProcessInitializeOnLoadAttributes (693ms)
				ProcessInitializeOnLoadMethodAttributes (34ms)
				AfterProcessingInitializeOnLoad (12ms)
				EditorAssembliesLoaded (1ms)
			ExecutionOrderSort2 (0ms)
			AwakeInstancesAfterBackupRestoration (24ms)
Platform modules already initialized, skipping
Switching build target platform(19) subTarget(0) extendedPlatform(0) -> platform(13) subTarget(537395200) extendedPlatform(0)
Refreshing native plugins compatible for Editor in 1.10 ms, found 2 plugins.
Preloading 0 native plugins for Editor in 0.00 ms.
Unloading 1547 Unused Serialized files (Serialized files now loaded: 0)
System memory in use before: 74.5 MB.
System memory in use after: 74.6 MB.

Unloading 14 unused Assets to reduce memory usage. Loaded Objects now: 2063.
Total: 7.903600 ms (FindLiveObjects: 0.415100 ms CreateObjectMapping: 0.177500 ms MarkObjects: 7.269500 ms  DeleteObjects: 0.038800 ms)

AssetImportParameters requested are different than current active one (requested -> active):
  custom:framework-win-MediaFoundation: 216162199b28c13a410421893ffa2e32 -> 
  custom:video-decoder-ogg-theora: a1e56fd34408186e4bbccfd4996cb3dc -> 
  custom:container-muxer-webm: aa71ff27fc2769a1b78a27578f13a17b -> 
  custom:container-demuxer-webm: 4f35f7cbe854078d1ac9338744f61a02 -> 
  custom:container-demuxer-ogg: 62fdf1f143b41e24485cea50d1cbac27 -> 
  custom:video-encoder-webm-vp8: eb34c28f22e8b96e1ab97ce403110664 -> 
  custom:video-codec-MediaFoundation-h265: 746d11721c4dcdbdad8f713fa42b33f4 -> 
  custom:video-decoder-webm-vp8: 9c59270c3fd7afecdb556c50c9e8de78 -> 
  custom:graphics/normal-map-encoding: 01000000000000000000000000000000 -> 02000000000000000000000000000000
  custom:audio-decoder-ogg-vorbis: bf7c407c2cedff20999df2af8eb42d56 -> 
  custom:audio-encoder-webm-vorbis: bf7c407c2cedff20999df2af8eb42d56 -> 
========================================================================
Received Prepare
Registering precompiled user dll's ...
Registered in 0.023036 seconds.
Begin MonoManager ReloadAssembly
Native extension for WindowsStandalone target not found
Refreshing native plugins compatible for Editor in 1.09 ms, found 2 plugins.
Preloading 0 native plugins for Editor in 0.00 ms.
Mono: successfully reloaded assembly
- Completed reload, in  3.877 seconds
Domain Reload Profiling:
	ReloadAssembly (3879ms)
		BeginReloadAssembly (450ms)
			ExecutionOrderSort (0ms)
			DisableScriptedObjects (17ms)
			BackupInstance (0ms)
			ReleaseScriptingObjects (0ms)
			CreateAndSetChildDomain (99ms)
		EndReloadAssembly (3144ms)
			LoadAssemblies (458ms)
			RebuildTransferFunctionScriptingTraits (0ms)
			SetupTypeCache (1174ms)
			ReleaseScriptCaches (2ms)
			RebuildScriptCaches (150ms)
			SetupLoadedEditorAssemblies (1000ms)
				LogAssemblyErrors (0ms)
				InitializePlatformSupportModulesInManaged (14ms)
				SetLoadedEditorAssemblies (2ms)
				RefreshPlugins (1ms)
				BeforeProcessingInitializeOnLoad (255ms)
				ProcessInitializeOnLoadAttributes (684ms)
				ProcessInitializeOnLoadMethodAttributes (33ms)
				AfterProcessingInitializeOnLoad (10ms)
				EditorAssembliesLoaded (1ms)
			ExecutionOrderSort2 (0ms)
			AwakeInstancesAfterBackupRestoration (28ms)
Platform modules already initialized, skipping
Switching build target platform(19) subTarget(0) extendedPlatform(0) -> platform(13) subTarget(537395200) extendedPlatform(0)
Refreshing native plugins compatible for Editor in 1.06 ms, found 2 plugins.
Preloading 0 native plugins for Editor in 0.00 ms.
Unloading 1547 Unused Serialized files (Serialized files now loaded: 0)
System memory in use before: 74.5 MB.
System memory in use after: 74.6 MB.

Unloading 14 unused Assets to reduce memory usage. Loaded Objects now: 2065.
Total: 7.503400 ms (FindLiveObjects: 0.419200 ms CreateObjectMapping: 0.178500 ms MarkObjects: 6.866100 ms  DeleteObjects: 0.036600 ms)

AssetImportParameters requested are different than current active one (requested -> active):
  custom:framework-win-MediaFoundation: 216162199b28c13a410421893ffa2e32 -> 
  custom:video-decoder-ogg-theora: a1e56fd34408186e4bbccfd4996cb3dc -> 
  custom:container-muxer-webm: aa71ff27fc2769a1b78a27578f13a17b -> 
  custom:container-demuxer-webm: 4f35f7cbe854078d1ac9338744f61a02 -> 
  custom:container-demuxer-ogg: 62fdf1f143b41e24485cea50d1cbac27 -> 
  custom:video-encoder-webm-vp8: eb34c28f22e8b96e1ab97ce403110664 -> 
  custom:video-codec-MediaFoundation-h265: 746d11721c4dcdbdad8f713fa42b33f4 -> 
  custom:video-decoder-webm-vp8: 9c59270c3fd7afecdb556c50c9e8de78 -> 
  custom:graphics/normal-map-encoding: 01000000000000000000000000000000 -> 02000000000000000000000000000000
  custom:audio-decoder-ogg-vorbis: bf7c407c2cedff20999df2af8eb42d56 -> 
  custom:audio-encoder-webm-vorbis: bf7c407c2cedff20999df2af8eb42d56 -> 
========================================================================
Received Prepare
Registering precompiled user dll's ...
Registered in 0.028685 seconds.
Begin MonoManager ReloadAssembly
Native extension for WindowsStandalone target not found
Refreshing native plugins compatible for Editor in 1.08 ms, found 2 plugins.
Preloading 0 native plugins for Editor in 0.00 ms.
Mono: successfully reloaded assembly
- Completed reload, in  4.119 seconds
Domain Reload Profiling:
	ReloadAssembly (4121ms)
		BeginReloadAssembly (510ms)
			ExecutionOrderSort (0ms)
			DisableScriptedObjects (17ms)
			BackupInstance (0ms)
			ReleaseScriptingObjects (0ms)
			CreateAndSetChildDomain (94ms)
		EndReloadAssembly (3365ms)
			LoadAssemblies (509ms)
			RebuildTransferFunctionScriptingTraits (0ms)
			SetupTypeCache (1230ms)
			ReleaseScriptCaches (2ms)
			RebuildScriptCaches (162ms)
			SetupLoadedEditorAssemblies (1074ms)
				LogAssemblyErrors (0ms)
				InitializePlatformSupportModulesInManaged (14ms)
				SetLoadedEditorAssemblies (2ms)
				RefreshPlugins (1ms)
				BeforeProcessingInitializeOnLoad (287ms)
				ProcessInitializeOnLoadAttributes (720ms)
				ProcessInitializeOnLoadMethodAttributes (35ms)
				AfterProcessingInitializeOnLoad (13ms)
				EditorAssembliesLoaded (1ms)
			ExecutionOrderSort2 (0ms)
			AwakeInstancesAfterBackupRestoration (38ms)
Platform modules already initialized, skipping
Switching build target platform(19) subTarget(0) extendedPlatform(0) -> platform(13) subTarget(537395200) extendedPlatform(0)
Refreshing native plugins compatible for Editor in 1.04 ms, found 2 plugins.
Preloading 0 native plugins for Editor in 0.00 ms.
Unloading 1547 Unused Serialized files (Serialized files now loaded: 0)
System memory in use before: 74.5 MB.
System memory in use after: 74.6 MB.

Unloading 14 unused Assets to reduce memory usage. Loaded Objects now: 2067.
Total: 7.672700 ms (FindLiveObjects: 0.381800 ms CreateObjectMapping: 0.196400 ms MarkObjects: 6.975700 ms  DeleteObjects: 0.116400 ms)

AssetImportParameters requested are different than current active one (requested -> active):
  custom:framework-win-MediaFoundation: 216162199b28c13a410421893ffa2e32 -> 
  custom:video-decoder-ogg-theora: a1e56fd34408186e4bbccfd4996cb3dc -> 
  custom:container-muxer-webm: aa71ff27fc2769a1b78a27578f13a17b -> 
  custom:container-demuxer-webm: 4f35f7cbe854078d1ac9338744f61a02 -> 
  custom:container-demuxer-ogg: 62fdf1f143b41e24485cea50d1cbac27 -> 
  custom:video-encoder-webm-vp8: eb34c28f22e8b96e1ab97ce403110664 -> 
  custom:video-codec-MediaFoundation-h265: 746d11721c4dcdbdad8f713fa42b33f4 -> 
  custom:video-decoder-webm-vp8: 9c59270c3fd7afecdb556c50c9e8de78 -> 
  custom:graphics/normal-map-encoding: 01000000000000000000000000000000 -> 02000000000000000000000000000000
  custom:audio-decoder-ogg-vorbis: bf7c407c2cedff20999df2af8eb42d56 -> 
  custom:audio-encoder-webm-vorbis: bf7c407c2cedff20999df2af8eb42d56 -> 
========================================================================
Received Prepare
Registering precompiled user dll's ...
Registered in 0.026223 seconds.
Begin MonoManager ReloadAssembly
Native extension for WindowsStandalone target not found
Refreshing native plugins compatible for Editor in 1.08 ms, found 2 plugins.
Preloading 0 native plugins for Editor in 0.00 ms.
Mono: successfully reloaded assembly
- Completed reload, in  3.907 seconds
Domain Reload Profiling:
	ReloadAssembly (3908ms)
		BeginReloadAssembly (430ms)
			ExecutionOrderSort (0ms)
			DisableScriptedObjects (17ms)
			BackupInstance (0ms)
			ReleaseScriptingObjects (0ms)
			CreateAndSetChildDomain (93ms)
		EndReloadAssembly (3233ms)
			LoadAssemblies (419ms)
			RebuildTransferFunctionScriptingTraits (0ms)
			SetupTypeCache (1138ms)
			ReleaseScriptCaches (2ms)
			RebuildScriptCaches (168ms)
			SetupLoadedEditorAssemblies (1084ms)
				LogAssemblyErrors (0ms)
				InitializePlatformSupportModulesInManaged (14ms)
				SetLoadedEditorAssemblies (2ms)
				RefreshPlugins (1ms)
				BeforeProcessingInitializeOnLoad (285ms)
				ProcessInitializeOnLoadAttributes (737ms)
				ProcessInitializeOnLoadMethodAttributes (33ms)
				AfterProcessingInitializeOnLoad (11ms)
				EditorAssembliesLoaded (1ms)
			ExecutionOrderSort2 (0ms)
			AwakeInstancesAfterBackupRestoration (25ms)
Platform modules already initialized, skipping
Switching build target platform(19) subTarget(0) extendedPlatform(0) -> platform(13) subTarget(537395200) extendedPlatform(0)
Refreshing native plugins compatible for Editor in 1.25 ms, found 2 plugins.
Preloading 0 native plugins for Editor in 0.00 ms.
Unloading 1547 Unused Serialized files (Serialized files now loaded: 0)
System memory in use before: 74.5 MB.
System memory in use after: 74.6 MB.

Unloading 14 unused Assets to reduce memory usage. Loaded Objects now: 2069.
Total: 7.285300 ms (FindLiveObjects: 0.390800 ms CreateObjectMapping: 0.193600 ms MarkObjects: 6.648000 ms  DeleteObjects: 0.050600 ms)

AssetImportParameters requested are different than current active one (requested -> active):
  custom:framework-win-MediaFoundation: 216162199b28c13a410421893ffa2e32 -> 
  custom:video-decoder-ogg-theora: a1e56fd34408186e4bbccfd4996cb3dc -> 
  custom:container-muxer-webm: aa71ff27fc2769a1b78a27578f13a17b -> 
  custom:container-demuxer-webm: 4f35f7cbe854078d1ac9338744f61a02 -> 
  custom:container-demuxer-ogg: 62fdf1f143b41e24485cea50d1cbac27 -> 
  custom:video-encoder-webm-vp8: eb34c28f22e8b96e1ab97ce403110664 -> 
  custom:video-codec-MediaFoundation-h265: 746d11721c4dcdbdad8f713fa42b33f4 -> 
  custom:video-decoder-webm-vp8: 9c59270c3fd7afecdb556c50c9e8de78 -> 
  custom:graphics/normal-map-encoding: 01000000000000000000000000000000 -> 02000000000000000000000000000000
  custom:audio-decoder-ogg-vorbis: bf7c407c2cedff20999df2af8eb42d56 -> 
  custom:audio-encoder-webm-vorbis: bf7c407c2cedff20999df2af8eb42d56 -> 
AssetImportWorkerClient::OnTransportError - code=2 error=End of file
